2013-03-13 10:44:08,661 [6464] DEBUG PayPal.OAuthTokenCredential [(null)] grant_type=client_credentials
2013-03-13 10:44:10,953 [6464] DEBUG PayPal.OAuthTokenCredential [(null)] Service response
2013-03-13 10:44:10,953 [6464] DEBUG PayPal.OAuthTokenCredential [(null)] {"scope":"https://api.paypal.com/v1/payments/.* https://api.paypal.com/v1/vault/credit-card https://api.paypal.com/v1/vault/credit-card/.*","access_token":"bEnunsoxXwpBBeQaaJ0JRmFI1L0nKmF05WqRrl4FrZc","token_type":"Bearer","app_id":"APP-2EJ531395M785864S","expires_in":28800}
2013-03-13 10:44:11,345 [6464] DEBUG PayPal.PayPalResource [(null)] Content-Type:application/json
2013-03-13 10:44:11,345 [6464] DEBUG PayPal.PayPalResource [(null)] Authorization:Bearer bEnunsoxXwpBBeQaaJ0JRmFI1L0nKmF05WqRrl4FrZc
2013-03-13 10:44:11,345 [6464] DEBUG PayPal.PayPalResource [(null)] User-Agent:PayPalSDK/ID 1.0 ;lang=.NET;V=2.0.50727.5466;b=64;OS=Windows 7 6.1.7601.65536;
2013-03-13 10:44:11,345 [6464] DEBUG PayPal.PayPalResource [(null)] PayPal-Request-Id:585250b0-b936-4843-9578-d6de3bcb4c97
2013-03-13 10:44:11,441 [6464] DEBUG PayPal.Manager.ConnectionManager [(null)] {"type":"visa","number":"4417119669820331","expire_month":"11","expire_year":"2018"}
2013-03-13 10:44:11,855 [6464] DEBUG PayPal.Manager.ConnectionManager [(null)] Service response
2013-03-13 10:44:11,855 [6464] DEBUG PayPal.Manager.ConnectionManager [(null)] {"id":"CARD-8HT852220F590863UKFAJBOY","valid_until":"2016-03-12T00:00:00.000Z","state":"ok","type":"visa","number":"xxxxxxxxxxxx0331","expire_month":"11","expire_year":"2018","links":[{"href":"https://api.sandbox.paypal.com/v1/vault/credit-card/CARD-8HT852220F590863UKFAJBOY","rel":"self","method":"GET"}]}
2013-03-18 13:30:41,699 [5880] DEBUG PayPal.OAuthTokenCredential [(null)] grant_type=client_credentials
2013-03-18 13:30:43,802 [5880] DEBUG PayPal.OAuthTokenCredential [(null)] Service response
2013-03-18 13:30:43,802 [5880] DEBUG PayPal.OAuthTokenCredential [(null)] {"scope":"https://api.paypal.com/v1/payments/.* https://api.paypal.com/v1/vault/credit-card https://api.paypal.com/v1/vault/credit-card/.*","access_token":"VsHyx4myt8Bi.KOsCv19aa5a4lmAQPAqCfsA5DvXG90","token_type":"Bearer","app_id":"APP-2EJ531395M785864S","expires_in":28800}
2013-03-18 13:30:44,070 [5880] DEBUG PayPal.PayPalResource [(null)] Content-Type:application/json
2013-03-18 13:30:44,070 [5880] DEBUG PayPal.PayPalResource [(null)] Authorization:Bearer VsHyx4myt8Bi.KOsCv19aa5a4lmAQPAqCfsA5DvXG90
2013-03-18 13:30:44,070 [5880] DEBUG PayPal.PayPalResource [(null)] User-Agent:PayPalSDK/ID 1.0 ;lang=.NET;V=2.0.50727.5466;b=64;OS=Windows 7 6.1.7601.65536;
2013-03-18 13:30:44,070 [5880] DEBUG PayPal.PayPalResource [(null)] PayPal-Request-Id:e81df611-d98b-4449-9a59-82e755f3cc08
2013-03-18 13:30:44,178 [5880] DEBUG PayPal.Manager.ConnectionManager [(null)] {"intent":"sale","payer":{"payment_method":"paypal"},"transactions":[{"amount":{"total":"100","currency":"USD","details":{"subtotal":"75","tax":"15","shipping":"10"}},"description":"Transaction description.","item_list":{"items":[{"name":"Example Item 1","sku":"654321","price":"45","currency":"USD","quantity":"1"},{"name":"Example Item 2","sku":"123456","price":"30","currency":"USD","quantity":"1"}]}}],"redirect_urls":{"return_url":"http://localhost:56508/PaymentWithPayPal.aspx?guid=58331","cancel_url":"http://localhost:56508/PaymentWithPayPal.aspx?guid=58331"}}
2013-03-18 13:30:45,088 [5880] DEBUG PayPal.Manager.ConnectionManager [(null)] Service response
2013-03-18 13:30:45,088 [5880] DEBUG PayPal.Manager.ConnectionManager [(null)] {"id":"PAY-1H5970678Y073430XKFDU6RA","create_time":"2013-03-18T17:30:44Z","update_time":"2013-03-18T17:30:44Z","state":"created","intent":"sale","payer":{"payment_method":"paypal"},"transactions":[{"amount":{"total":"100.00","currency":"USD","details":{"subtotal":"75.00","tax":"15.00","shipping":"10.00"}},"description":"Transaction description.","item_list":{"items":[{"name":"654321","price":"45.00","currency":"USD","quantity":"1"},{"name":"123456","price":"30.00","currency":"USD","quantity":"1"}]}}],"links":[{"href":"https://api.sandbox.paypal.com/v1/payments/payment/PAY-1H5970678Y073430XKFDU6RA","rel":"self","method":"GET"},{"href":"https://www.sandbox.paypal.com/webscr?cmd=_express-checkout&token=EC-2T383590P16352719","rel":"approval_url","method":"REDIRECT"},{"href":"https://api.sandbox.paypal.com/v1/payments/payment/PAY-1H5970678Y073430XKFDU6RA/execute","rel":"execute","method":"POST"}]}
2013-03-18 14:14:00,134 [1516] DEBUG PayPal.OAuthTokenCredential [(null)] grant_type=client_credentials
2013-03-18 14:14:02,196 [1516] DEBUG PayPal.OAuthTokenCredential [(null)] Service response
2013-03-18 14:14:02,196 [1516] DEBUG PayPal.OAuthTokenCredential [(null)] {"scope":"https://api.paypal.com/v1/payments/.* https://api.paypal.com/v1/vault/credit-card https://api.paypal.com/v1/vault/credit-card/.*","access_token":"zrltMpMCOWvi2etLyF7Li.8WAESxFBdAMIu2P4fsZIc","token_type":"Bearer","app_id":"APP-2EJ531395M785864S","expires_in":28800}
2013-03-18 14:14:02,268 [1516] DEBUG PayPal.PayPalResource [(null)] Content-Type:application/json
2013-03-18 14:14:02,268 [1516] DEBUG PayPal.PayPalResource [(null)] Authorization:Bearer zrltMpMCOWvi2etLyF7Li.8WAESxFBdAMIu2P4fsZIc
2013-03-18 14:14:02,268 [1516] DEBUG PayPal.PayPalResource [(null)] User-Agent:PayPalSDK/rest-sdk-dotnet 0.5.0 ;lang=DOTNET;V=2.0.50727.5466;bit=64;OS=Windows 7 6.1.7601.65536;
2013-03-18 14:14:02,268 [1516] DEBUG PayPal.PayPalResource [(null)] PayPal-Request-Id:
2013-03-18 14:14:04,542 [1516] DEBUG PayPal.Manager.ConnectionManager [(null)] Service response
2013-03-18 14:14:04,542 [1516] DEBUG PayPal.Manager.ConnectionManager [(null)] {"id":"4V7971043K262623A","create_time":"2013-03-04T09:08:34Z","update_time":"2013-03-18T12:01:10Z","state":"partially_refunded","amount":{"total":"7.00","currency":"USD"},"parent_payment":"PAY-9DS48124DC2778310KE2GJEQ","links":[{"href":"https://api.sandbox.paypal.com/v1/payments/sale/4V7971043K262623A","rel":"self","method":"GET"},{"href":"https://api.sandbox.paypal.com/v1/payments/sale/4V7971043K262623A/refund","rel":"refund","method":"POST"},{"href":"https://api.sandbox.paypal.com/v1/payments/payment/PAY-9DS48124DC2778310KE2GJEQ","rel":"parent_payment","method":"GET"}]}
2013-03-18 14:14:13,879 [7376] DEBUG PayPal.OAuthTokenCredential [(null)] grant_type=client_credentials
2013-03-18 14:14:15,898 [7376] DEBUG PayPal.OAuthTokenCredential [(null)] Service response
2013-03-18 14:14:15,898 [7376] DEBUG PayPal.OAuthTokenCredential [(null)] {"scope":"https://api.paypal.com/v1/payments/.* https://api.paypal.com/v1/vault/credit-card https://api.paypal.com/v1/vault/credit-card/.*","access_token":"J9dN2gvPQjUzQwgSLEfzZN3cLg2OfwDflqauu.P.wlE","token_type":"Bearer","app_id":"APP-2EJ531395M785864S","expires_in":28800}
2013-03-18 14:14:15,956 [7376] DEBUG PayPal.PayPalResource [(null)] Content-Type:application/json
2013-03-18 14:14:15,956 [7376] DEBUG PayPal.PayPalResource [(null)] Authorization:Bearer J9dN2gvPQjUzQwgSLEfzZN3cLg2OfwDflqauu.P.wlE
2013-03-18 14:14:15,956 [7376] DEBUG PayPal.PayPalResource [(null)] User-Agent:PayPalSDK/rest-sdk-dotnet 0.5.0 ;lang=DOTNET;V=2.0.50727.5466;bit=64;OS=Windows 7 6.1.7601.65536;
2013-03-18 14:14:15,956 [7376] DEBUG PayPal.PayPalResource [(null)] PayPal-Request-Id:853a46b4-a94d-4d2b-9695-d6e219db1652
2013-03-18 14:14:16,071 [7376] DEBUG PayPal.Manager.ConnectionManager [(null)] {"intent":"sale","payer":{"payment_method":"paypal"},"transactions":[{"amount":{"total":"100","currency":"USD","details":{"subtotal":"75","tax":"15","shipping":"10"}},"description":"Transaction description.","item_list":{"items":[{"name":"Example Item 1","sku":"654321","price":"45","currency":"USD","quantity":"1"},{"name":"Example Item 2","sku":"123456","price":"30","currency":"USD","quantity":"1"}]}}],"redirect_urls":{"return_url":"http://localhost:56508/PaymentWithPayPal.aspx?guid=86616","cancel_url":"http://localhost:56508/PaymentWithPayPal.aspx?guid=86616"}}
2013-03-18 14:14:16,810 [7376] DEBUG PayPal.Manager.ConnectionManager [(null)] Service response
2013-03-18 14:14:16,810 [7376] DEBUG PayPal.Manager.ConnectionManager [(null)] {"id":"PAY-1RR851925M8670217KFDVS6A","create_time":"2013-03-18T18:14:16Z","update_time":"2013-03-18T18:14:16Z","state":"created","intent":"sale","payer":{"payment_method":"paypal"},"transactions":[{"amount":{"total":"100.00","currency":"USD","details":{"subtotal":"75.00","tax":"15.00","shipping":"10.00"}},"description":"Transaction description.","item_list":{"items":[{"name":"654321","price":"45.00","currency":"USD","quantity":"1"},{"name":"123456","price":"30.00","currency":"USD","quantity":"1"}]}}],"links":[{"href":"https://api.sandbox.paypal.com/v1/payments/payment/PAY-1RR851925M8670217KFDVS6A","rel":"self","method":"GET"},{"href":"https://www.sandbox.paypal.com/webscr?cmd=_express-checkout&token=EC-9LJ079406U628680C","rel":"approval_url","method":"REDIRECT"},{"href":"https://api.sandbox.paypal.com/v1/payments/payment/PAY-1RR851925M8670217KFDVS6A/execute","rel":"execute","method":"POST"}]}
